0 info it worked if it ends with ok
1 verbose cli [ '/usr/bin/nodejs',
1 verbose cli   '/usr/bin/npm',
1 verbose cli   'install',
1 verbose cli   'express',
1 verbose cli   'multer',
1 verbose cli   '—',
1 verbose cli   'save' ]
2 info using npm@3.5.2
3 info using node@v4.2.6
4 silly loadCurrentTree Starting
5 silly install loadCurrentTree
6 silly install readLocalPackageData
7 silly fetchPackageMetaData express@^4.17.3
8 silly fetchPackageMetaData multer
9 silly fetchPackageMetaData —
10 silly fetchPackageMetaData save
11 silly fetchNamedPackageData express
12 silly mapToRegistry name express
13 silly mapToRegistry using default registry
14 silly mapToRegistry registry https://registry.npmjs.org/
15 silly mapToRegistry uri https://registry.npmjs.org/express
16 silly fetchNamedPackageData multer
17 silly mapToRegistry name multer
18 silly mapToRegistry using default registry
19 silly mapToRegistry registry https://registry.npmjs.org/
20 silly mapToRegistry uri https://registry.npmjs.org/multer
21 silly fetchOtherPackageData —
22 silly cache add args [ '—', null ]
23 verbose cache add spec —
24 silly fetchNamedPackageData save
25 silly mapToRegistry name save
26 silly mapToRegistry using default registry
27 silly mapToRegistry registry https://registry.npmjs.org/
28 silly mapToRegistry uri https://registry.npmjs.org/save
29 verbose request uri https://registry.npmjs.org/multer
30 verbose request no auth needed
31 info attempt registry request try #1 at 10:54:51 PM
32 verbose request id a52ced80e4163fbf
33 http request GET https://registry.npmjs.org/multer
34 silly cache add parsed spec Result {
34 silly cache add   raw: '—',
34 silly cache add   scope: null,
34 silly cache add   name: null,
34 silly cache add   rawSpec: '—',
34 silly cache add   spec: '/home/roro/Desktop/snapbotwhatssappbot/—',
34 silly cache add   type: 'local' }
35 verbose request uri https://registry.npmjs.org/save
36 verbose request no auth needed
37 info attempt registry request try #1 at 10:54:51 PM
38 http request GET https://registry.npmjs.org/save
39 error addLocal Could not install /home/roro/Desktop/snapbotwhatssappbot/—
40 silly fetchPackageMetaData Error: ENOENT: no such file or directory, open '/home/roro/Desktop/snapbotwhatssappbot/—'
40 silly fetchPackageMetaData     at Error (native)
40 silly fetchPackageMetaData  error for — { [Error: ENOENT: no such file or directory, open '/home/roro/Desktop/snapbotwhatssappbot/—']
40 silly fetchPackageMetaData   errno: -2,
40 silly fetchPackageMetaData   code: 'ENOENT',
40 silly fetchPackageMetaData   syscall: 'open',
40 silly fetchPackageMetaData   path: '/home/roro/Desktop/snapbotwhatssappbot/—' }
41 verbose request uri https://registry.npmjs.org/express
42 verbose request no auth needed
43 info attempt registry request try #1 at 10:54:51 PM
44 verbose etag W/"8bcfefe57987abcbcdacd868c773ba33"
45 verbose lastModified Tue, 16 Aug 2022 10:47:27 GMT
46 http request GET https://registry.npmjs.org/express
47 http 304 https://registry.npmjs.org/express
48 verbose headers { date: 'Sun, 28 Aug 2022 19:54:51 GMT',
48 verbose headers   connection: 'keep-alive',
48 verbose headers   'cf-ray': '741f99e8efc8abcb-RUH',
48 verbose headers   age: '88',
48 verbose headers   'cache-control': 'public, max-age=300',
48 verbose headers   etag: '"8bcfefe57987abcbcdacd868c773ba33"',
48 verbose headers   'last-modified': 'Tue, 16 Aug 2022 10:47:27 GMT',
48 verbose headers   vary: 'Accept-Encoding',
48 verbose headers   'cf-cache-status': 'HIT',
48 verbose headers   'expect-ct': 'max-age=604800, report-uri="https://report-uri.cloudflare.com/cdn-cgi/beacon/expect-ct"',
48 verbose headers   'x-amz-replication-status': 'COMPLETED',
48 verbose headers   server: 'cloudflare' }
49 silly get cb [ 304,
49 silly get   { date: 'Sun, 28 Aug 2022 19:54:51 GMT',
49 silly get     connection: 'keep-alive',
49 silly get     'cf-ray': '741f99e8efc8abcb-RUH',
49 silly get     age: '88',
49 silly get     'cache-control': 'public, max-age=300',
49 silly get     etag: '"8bcfefe57987abcbcdacd868c773ba33"',
49 silly get     'last-modified': 'Tue, 16 Aug 2022 10:47:27 GMT',
49 silly get     vary: 'Accept-Encoding',
49 silly get     'cf-cache-status': 'HIT',
49 silly get     'expect-ct': 'max-age=604800, report-uri="https://report-uri.cloudflare.com/cdn-cgi/beacon/expect-ct"',
49 silly get     'x-amz-replication-status': 'COMPLETED',
49 silly get     server: 'cloudflare' } ]
50 verbose etag https://registry.npmjs.org/express from cache
51 verbose get saving express to /home/roro/.npm/registry.npmjs.org/express/.cache.json
52 http 200 https://registry.npmjs.org/multer
53 verbose headers { date: 'Sun, 28 Aug 2022 19:54:52 GMT',
53 verbose headers   'content-type': 'application/json',
53 verbose headers   'transfer-encoding': 'chunked',
53 verbose headers   connection: 'keep-alive',
53 verbose headers   'cf-ray': '741f99e8dd79ac1f-RUH',
53 verbose headers   'access-control-allow-origin': '*',
53 verbose headers   'cache-control': 'public, max-age=300',
53 verbose headers   etag: 'W/"460bf9a4ac7d6176ced554589bd986f9"',
53 verbose headers   'last-modified': 'Sun, 24 Jul 2022 18:30:32 GMT',
53 verbose headers   vary: 'accept-encoding, accept',
53 verbose headers   'cf-cache-status': 'REVALIDATED',
53 verbose headers   'expect-ct': 'max-age=604800, report-uri="https://report-uri.cloudflare.com/cdn-cgi/beacon/expect-ct"',
53 verbose headers   'x-amz-replication-status': 'COMPLETED',
53 verbose headers   server: 'cloudflare',
53 verbose headers   'content-encoding': 'gzip' }
54 silly get cb [ 200,
54 silly get   { date: 'Sun, 28 Aug 2022 19:54:52 GMT',
54 silly get     'content-type': 'application/json',
54 silly get     'transfer-encoding': 'chunked',
54 silly get     connection: 'keep-alive',
54 silly get     'cf-ray': '741f99e8dd79ac1f-RUH',
54 silly get     'access-control-allow-origin': '*',
54 silly get     'cache-control': 'public, max-age=300',
54 silly get     etag: 'W/"460bf9a4ac7d6176ced554589bd986f9"',
54 silly get     'last-modified': 'Sun, 24 Jul 2022 18:30:32 GMT',
54 silly get     vary: 'accept-encoding, accept',
54 silly get     'cf-cache-status': 'REVALIDATED',
54 silly get     'expect-ct': 'max-age=604800, report-uri="https://report-uri.cloudflare.com/cdn-cgi/beacon/expect-ct"',
54 silly get     'x-amz-replication-status': 'COMPLETED',
54 silly get     server: 'cloudflare',
54 silly get     'content-encoding': 'gzip' } ]
55 verbose get saving multer to /home/roro/.npm/registry.npmjs.org/multer/.cache.json
56 http 200 https://registry.npmjs.org/save
57 verbose headers { date: 'Sun, 28 Aug 2022 19:54:52 GMT',
57 verbose headers   'content-type': 'application/json',
57 verbose headers   'transfer-encoding': 'chunked',
57 verbose headers   connection: 'keep-alive',
57 verbose headers   'cf-ray': '741f99ea9f3bac01-RUH',
57 verbose headers   'access-control-allow-origin': '*',
57 verbose headers   'cache-control': 'public, max-age=300',
57 verbose headers   etag: 'W/"3de11892455ecfb8266b46db672debcd"',
57 verbose headers   'last-modified': 'Sun, 26 Jun 2022 16:12:47 GMT',
57 verbose headers   vary: 'accept-encoding, accept',
57 verbose headers   'cf-cache-status': 'REVALIDATED',
57 verbose headers   'expect-ct': 'max-age=604800, report-uri="https://report-uri.cloudflare.com/cdn-cgi/beacon/expect-ct"',
57 verbose headers   'x-amz-replication-status': 'COMPLETED',
57 verbose headers   server: 'cloudflare',
57 verbose headers   'content-encoding': 'gzip' }
58 silly get cb [ 200,
58 silly get   { date: 'Sun, 28 Aug 2022 19:54:52 GMT',
58 silly get     'content-type': 'application/json',
58 silly get     'transfer-encoding': 'chunked',
58 silly get     connection: 'keep-alive',
58 silly get     'cf-ray': '741f99ea9f3bac01-RUH',
58 silly get     'access-control-allow-origin': '*',
58 silly get     'cache-control': 'public, max-age=300',
58 silly get     etag: 'W/"3de11892455ecfb8266b46db672debcd"',
58 silly get     'last-modified': 'Sun, 26 Jun 2022 16:12:47 GMT',
58 silly get     vary: 'accept-encoding, accept',
58 silly get     'cf-cache-status': 'REVALIDATED',
58 silly get     'expect-ct': 'max-age=604800, report-uri="https://report-uri.cloudflare.com/cdn-cgi/beacon/expect-ct"',
58 silly get     'x-amz-replication-status': 'COMPLETED',
58 silly get     server: 'cloudflare',
58 silly get     'content-encoding': 'gzip' } ]
59 verbose get saving save to /home/roro/.npm/registry.npmjs.org/save/.cache.json
60 silly rollbackFailedOptional Starting
61 silly rollbackFailedOptional Finishing
62 silly runTopLevelLifecycles Starting
63 silly runTopLevelLifecycles Finishing
64 silly install printInstalled
65 verbose stack Error: ENOENT: no such file or directory, open '/home/roro/Desktop/snapbotwhatssappbot/—'
65 verbose stack     at Error (native)
66 verbose cwd /home/roro/Desktop/snapbotwhatssappbot
67 error Linux 4.15.0-142-generic
68 error argv "/usr/bin/nodejs" "/usr/bin/npm" "install" "express" "multer" "—" "save"
69 error node v4.2.6
70 error npm  v3.5.2
71 error path /home/roro/Desktop/snapbotwhatssappbot/—
72 error code ENOENT
73 error errno -2
74 error syscall open
75 error enoent ENOENT: no such file or directory, open '/home/roro/Desktop/snapbotwhatssappbot/—'
76 error enoent ENOENT: no such file or directory, open '/home/roro/Desktop/snapbotwhatssappbot/—'
76 error enoent This is most likely not a problem with npm itself
76 error enoent and is related to npm not being able to find a file.
77 verbose exit [ -2, true ]
